<?xml version="1.0" encoding="UTF-8"?>
<coverage generated="1593250149599" clover="3.2.0">
  <project timestamp="1593250149599" name="All files">
    <metrics statements="109" coveredstatements="97" conditionals="27" coveredconditionals="22" methods="24" coveredmethods="21" elements="160" coveredelements="140" complexity="0" loc="109" ncloc="109" packages="2" files="5" classes="5"/>
    <package name="src">
      <metrics statements="105" coveredstatements="93" conditionals="27" coveredconditionals="22" methods="21" coveredmethods="18"/>
      <file name="index.ts" path="/Users/eden_lane/Projects/work/use-dropdown/src/index.ts">
        <metrics statements="3" coveredstatements="0" conditionals="0" coveredconditionals="0" methods="0" coveredmethods="0"/>
        <line num="1" count="0" type="stmt"/>
        <line num="2" count="0" type="stmt"/>
        <line num="4" count="0" type="stmt"/>
      </file>
      <file name="reducer.ts" path="/Users/eden_lane/Projects/work/use-dropdown/src/reducer.ts">
        <metrics statements="20" coveredstatements="20" conditionals="13" coveredconditionals="12" methods="1" coveredmethods="1"/>
        <line num="1" count="1" type="stmt"/>
        <line num="4" count="1" type="stmt"/>
        <line num="5" count="44" type="stmt"/>
        <line num="6" count="44" type="stmt"/>
        <line num="8" count="44" type="stmt"/>
        <line num="10" count="2" type="stmt"/>
        <line num="13" count="2" type="stmt"/>
        <line num="15" count="3" type="stmt"/>
        <line num="18" count="3" type="stmt"/>
        <line num="20" count="12" type="stmt"/>
        <line num="23" count="12" type="stmt"/>
        <line num="25" count="18" type="stmt"/>
        <line num="28" count="18" type="stmt"/>
        <line num="30" count="1" type="stmt"/>
        <line num="33" count="1" type="stmt"/>
        <line num="35" count="5" type="stmt"/>
        <line num="40" count="5" type="stmt"/>
        <line num="42" count="3" type="stmt"/>
        <line num="47" count="3" type="stmt"/>
        <line num="50" count="44" type="stmt"/>
      </file>
      <file name="stateChangeType.ts" path="/Users/eden_lane/Projects/work/use-dropdown/src/stateChangeType.ts">
        <metrics statements="10" coveredstatements="10" conditionals="2" coveredconditionals="2" methods="1" coveredmethods="1"/>
        <line num="1" count="1" type="cond" truecount="2" falsecount="0"/>
        <line num="2" count="1" type="stmt"/>
        <line num="3" count="1" type="stmt"/>
        <line num="4" count="1" type="stmt"/>
        <line num="5" count="1" type="stmt"/>
        <line num="6" count="1" type="stmt"/>
        <line num="7" count="1" type="stmt"/>
        <line num="8" count="1" type="stmt"/>
        <line num="9" count="1" type="stmt"/>
        <line num="10" count="1" type="stmt"/>
      </file>
      <file name="useDropdown.ts" path="/Users/eden_lane/Projects/work/use-dropdown/src/useDropdown.ts">
        <metrics statements="72" coveredstatements="63" conditionals="12" coveredconditionals="8" methods="19" coveredmethods="16"/>
        <line num="2" count="1" type="stmt"/>
        <line num="3" count="1" type="stmt"/>
        <line num="4" count="1" type="stmt"/>
        <line num="7" count="1" type="stmt"/>
        <line num="22" count="1" type="stmt"/>
        <line num="28" count="1" type="stmt"/>
        <line num="32" count="78" type="stmt"/>
        <line num="33" count="39" type="stmt"/>
        <line num="34" count="39" type="stmt"/>
        <line num="35" count="39" type="stmt"/>
        <line num="36" count="39" type="stmt"/>
        <line num="37" count="39" type="stmt"/>
        <line num="42" count="117" type="stmt"/>
        <line num="44" count="39" type="stmt"/>
        <line num="45" count="1" type="stmt"/>
        <line num="46" count="1" type="stmt"/>
        <line num="49" count="39" type="stmt"/>
        <line num="50" count="3" type="stmt"/>
        <line num="53" count="39" type="stmt"/>
        <line num="54" count="1" type="stmt"/>
        <line num="57" count="39" type="stmt"/>
        <line num="58" count="2" type="stmt"/>
        <line num="61" count="39" type="stmt"/>
        <line num="62" count="1" type="stmt"/>
        <line num="63" count="1" type="stmt"/>
        <line num="64" count="1" type="stmt"/>
        <line num="65" count="1" type="stmt"/>
        <line num="71" count="39" type="stmt"/>
        <line num="72" count="6" type="stmt"/>
        <line num="78" count="39" type="stmt"/>
        <line num="79" count="9" type="stmt"/>
        <line num="85" count="39" type="stmt"/>
        <line num="86" count="1" type="stmt"/>
        <line num="92" count="39" type="stmt"/>
        <line num="93" count="7" type="cond" truecount="1" falsecount="1"/>
        <line num="94" count="0" type="stmt"/>
        <line num="95" count="0" type="stmt"/>
        <line num="97" count="0" type="stmt"/>
        <line num="104" count="39" type="stmt"/>
        <line num="105" count="0" type="stmt"/>
        <line num="106" count="0" type="cond" truecount="0" falsecount="2"/>
        <line num="107" count="0" type="stmt"/>
        <line num="108" count="0" type="stmt"/>
        <line num="109" count="0" type="stmt"/>
        <line num="114" count="39" type="stmt"/>
        <line num="115" count="10" type="stmt"/>
        <line num="117" count="5" type="stmt"/>
        <line num="118" count="5" type="stmt"/>
        <line num="120" count="3" type="stmt"/>
        <line num="121" count="3" type="stmt"/>
        <line num="123" count="1" type="stmt"/>
        <line num="124" count="1" type="stmt"/>
        <line num="126" count="1" type="cond" truecount="1" falsecount="1"/>
        <line num="127" count="1" type="stmt"/>
        <line num="128" count="1" type="stmt"/>
        <line num="130" count="1" type="stmt"/>
        <line num="134" count="39" type="stmt"/>
        <line num="135" count="35" type="cond" truecount="2" falsecount="0"/>
        <line num="136" count="13" type="stmt"/>
        <line num="137" count="13" type="stmt"/>
        <line num="140" count="35" type="stmt"/>
        <line num="141" count="35" type="stmt"/>
        <line num="142" count="35" type="stmt"/>
        <line num="146" count="39" type="stmt"/>
        <line num="147" count="0" type="stmt"/>
        <line num="152" count="39" type="stmt"/>
        <line num="153" count="8" type="stmt"/>
        <line num="161" count="39" type="stmt"/>
        <line num="162" count="8" type="stmt"/>
        <line num="169" count="39" type="stmt"/>
        <line num="170" count="7" type="stmt"/>
        <line num="180" count="39" type="stmt"/>
      </file>
    </package>
    <package name="src.utils">
      <metrics statements="4" coveredstatements="4" conditionals="0" coveredconditionals="0" methods="3" coveredmethods="3"/>
      <file name="mergeReducers.ts" path="/Users/eden_lane/Projects/work/use-dropdown/src/utils/mergeReducers.ts">
        <metrics statements="4" coveredstatements="4" conditionals="0" coveredconditionals="0" methods="3" coveredmethods="3"/>
        <line num="1" count="156" type="stmt"/>
        <line num="2" count="39" type="stmt"/>
        <line num="3" count="44" type="stmt"/>
        <line num="5" count="63" type="stmt"/>
      </file>
    </package>
  </project>
</coverage>
