{"/Users/eden_lane/Projects/work/use-dropdown/src/index.ts": {"path":"/Users/eden_lane/Projects/work/use-dropdown/src/index.ts","statementMap":{"0":{"start":{"line":1,"column":0},"end":{"line":1,"column":38}},"1":{"start":{"line":2,"column":0},"end":{"line":2,"column":38}},"2":{"start":{"line":4,"column":0},"end":{"line":4,"column":30}}},"fnMap":{},"branchMap":{},"s":{"0":0,"1":0,"2":0},"f":{},"b":{}}
,"/Users/eden_lane/Projects/work/use-dropdown/src/reducer.ts": {"path":"/Users/eden_lane/Projects/work/use-dropdown/src/reducer.ts","statementMap":{"0":{"start":{"line":1,"column":0},"end":{"line":1,"column":50}},"1":{"start":{"line":4,"column":13},"end":{"line":54,"column":2}},"2":{"start":{"line":5,"column":17},"end":{"line":5,"column":24}},"3":{"start":{"line":6,"column":16},"end":{"line":6,"column":18}},"4":{"start":{"line":8,"column":2},"end":{"line":48,"column":null}},"5":{"start":{"line":10,"column":6},"end":{"line":12,"column":8}},"6":{"start":{"line":13,"column":6},"end":{"line":13,"column":12}},"7":{"start":{"line":15,"column":6},"end":{"line":17,"column":8}},"8":{"start":{"line":18,"column":6},"end":{"line":18,"column":12}},"9":{"start":{"line":20,"column":6},"end":{"line":22,"column":8}},"10":{"start":{"line":23,"column":6},"end":{"line":23,"column":12}},"11":{"start":{"line":25,"column":6},"end":{"line":27,"column":8}},"12":{"start":{"line":28,"column":6},"end":{"line":28,"column":12}},"13":{"start":{"line":30,"column":6},"end":{"line":32,"column":8}},"14":{"start":{"line":33,"column":6},"end":{"line":33,"column":12}},"15":{"start":{"line":35,"column":6},"end":{"line":39,"column":8}},"16":{"start":{"line":40,"column":6},"end":{"line":40,"column":12}},"17":{"start":{"line":42,"column":6},"end":{"line":46,"column":null}},"18":{"start":{"line":47,"column":6},"end":{"line":47,"column":12}},"19":{"start":{"line":50,"column":2},"end":{"line":52,"column":null}}},"fnMap":{"0":{"name":"(anonymous_2)","decl":{"start":{"line":4,"column":23},"end":{"line":4,"column":24}},"loc":{"start":{"line":4,"column":52},"end":{"line":54,"column":1}}}},"branchMap":{"0":{"loc":{"start":{"line":9,"column":4},"end":{"line":13,"column":12}},"type":"switch","locations":[{"start":{"line":9,"column":4},"end":{"line":13,"column":12}},{"start":{"line":14,"column":4},"end":{"line":18,"column":12}},{"start":{"line":19,"column":4},"end":{"line":23,"column":12}},{"start":{"line":24,"column":4},"end":{"line":28,"column":12}},{"start":{"line":29,"column":4},"end":{"line":33,"column":12}},{"start":{"line":34,"column":4},"end":{"line":40,"column":12}},{"start":{"line":41,"column":4},"end":{"line":47,"column":12}}]},"1":{"loc":{"start":{"line":37,"column":12},"end":{"line":37,"column":13}},"type":"cond-expr","locations":[{"start":{"line":37,"column":12},"end":{"line":37,"column":13}},{"start":{"line":38,"column":12},"end":{"line":38,"column":38}}]},"2":{"loc":{"start":{"line":44,"column":12},"end":{"line":44,"column":35}},"type":"cond-expr","locations":[{"start":{"line":44,"column":12},"end":{"line":44,"column":35}},{"start":{"line":45,"column":12},"end":{"line":45,"column":38}}]},"3":{"loc":{"start":{"line":43,"column":26},"end":{"line":43,"column":54}},"type":"binary-expr","locations":[{"start":{"line":43,"column":26},"end":{"line":43,"column":54}},{"start":{"line":43,"column":58},"end":{"line":43,"column":87}}]}},"s":{"0":1,"1":1,"2":23,"3":23,"4":23,"5":1,"6":1,"7":0,"8":0,"9":8,"10":8,"11":8,"12":8,"13":0,"14":0,"15":4,"16":4,"17":2,"18":2,"19":23},"f":{"0":23},"b":{"0":[1,0,8,8,0,4,2],"1":[1,3],"2":[2,0],"3":[2,1]}}
,"/Users/eden_lane/Projects/work/use-dropdown/src/stateChangeType.ts": {"path":"/Users/eden_lane/Projects/work/use-dropdown/src/stateChangeType.ts","statementMap":{"0":{"start":{"line":1,"column":0},"end":{"line":1,"column":null}},"1":{"start":{"line":2,"column":2},"end":{"line":2,"column":null}},"2":{"start":{"line":3,"column":2},"end":{"line":3,"column":null}},"3":{"start":{"line":4,"column":2},"end":{"line":4,"column":null}},"4":{"start":{"line":5,"column":2},"end":{"line":5,"column":null}},"5":{"start":{"line":6,"column":2},"end":{"line":6,"column":null}},"6":{"start":{"line":7,"column":2},"end":{"line":7,"column":null}},"7":{"start":{"line":8,"column":2},"end":{"line":8,"column":null}},"8":{"start":{"line":9,"column":2},"end":{"line":9,"column":null}},"9":{"start":{"line":10,"column":2},"end":{"line":10,"column":null}}},"fnMap":{"0":{"name":"(anonymous_0)","decl":{"start":{"line":1,"column":0},"end":{"line":1,"column":12}},"loc":{"start":{"line":1,"column":27},"end":{"line":11,"column":1}}}},"branchMap":{"0":{"loc":{"start":{"line":1,"column":12},"end":{"line":1,"column":27}},"type":"binary-expr","locations":[{"start":{"line":1,"column":12},"end":{"line":1,"column":27}},{"start":{"line":1,"column":12},"end":{"line":1,"column":null}}]}},"s":{"0":1,"1":1,"2":1,"3":1,"4":1,"5":1,"6":1,"7":1,"8":1,"9":1},"f":{"0":1},"b":{"0":[1,1]}}
,"/Users/eden_lane/Projects/work/use-dropdown/src/useDropdown.ts": {"path":"/Users/eden_lane/Projects/work/use-dropdown/src/useDropdown.ts","statementMap":{"0":{"start":{"line":2,"column":0},"end":{"line":2,"column":65}},"1":{"start":{"line":3,"column":0},"end":{"line":3,"column":34}},"2":{"start":{"line":4,"column":0},"end":{"line":4,"column":49}},"3":{"start":{"line":7,"column":0},"end":{"line":7,"column":51}},"4":{"start":{"line":22,"column":21},"end":{"line":26,"column":2}},"5":{"start":{"line":28,"column":13},"end":{"line":192,"column":2}},"6":{"start":{"line":32,"column":6},"end":{"line":32,"column":12}},"7":{"start":{"line":33,"column":19},"end":{"line":33,"column":56}},"8":{"start":{"line":34,"column":26},"end":{"line":34,"column":61}},"9":{"start":{"line":35,"column":18},"end":{"line":35,"column":42}},"10":{"start":{"line":37,"column":4},"end":{"line":37,"column":112}},"11":{"start":{"line":36,"column":14},"end":{"line":36,"column":16}},"12":{"start":{"line":36,"column":24},"end":{"line":36,"column":null}},"13":{"start":{"line":42,"column":6},"end":{"line":42,"column":12}},"14":{"start":{"line":44,"column":19},"end":{"line":47,"column":8}},"15":{"start":{"line":45,"column":23},"end":{"line":45,"column":38}},"16":{"start":{"line":46,"column":4},"end":{"line":46,"column":63}},"17":{"start":{"line":49,"column":23},"end":{"line":51,"column":3}},"18":{"start":{"line":50,"column":4},"end":{"line":50,"column":59}},"19":{"start":{"line":53,"column":31},"end":{"line":55,"column":3}},"20":{"start":{"line":54,"column":4},"end":{"line":54,"column":82}},"21":{"start":{"line":57,"column":27},"end":{"line":59,"column":3}},"22":{"start":{"line":58,"column":4},"end":{"line":58,"column":18}},"23":{"start":{"line":61,"column":26},"end":{"line":69,"column":3}},"24":{"start":{"line":62,"column":18},"end":{"line":62,"column":41}},"25":{"start":{"line":63,"column":17},"end":{"line":63,"column":29}},"26":{"start":{"line":64,"column":4},"end":{"line":64,"column":19}},"27":{"start":{"line":65,"column":4},"end":{"line":68,"column":7}},"28":{"start":{"line":71,"column":30},"end":{"line":76,"column":3}},"29":{"start":{"line":72,"column":4},"end":{"line":75,"column":7}},"30":{"start":{"line":78,"column":18},"end":{"line":83,"column":3}},"31":{"start":{"line":79,"column":4},"end":{"line":82,"column":7}},"32":{"start":{"line":85,"column":24},"end":{"line":90,"column":3}},"33":{"start":{"line":86,"column":4},"end":{"line":89,"column":7}},"34":{"start":{"line":92,"column":22},"end":{"line":102,"column":23}},"35":{"start":{"line":93,"column":4},"end":{"line":93,"column":44}},"36":{"start":{"line":93,"column":34},"end":{"line":93,"column":44}},"37":{"start":{"line":94,"column":20},"end":{"line":94,"column":43}},"38":{"start":{"line":95,"column":24},"end":{"line":95,"column":55}},"39":{"start":{"line":97,"column":4},"end":{"line":101,"column":6}},"40":{"start":{"line":104,"column":23},"end":{"line":112,"column":8}},"41":{"start":{"line":105,"column":4},"end":{"line":111,"column":7}},"42":{"start":{"line":106,"column":6},"end":{"line":110,"column":null}},"43":{"start":{"line":107,"column":28},"end":{"line":107,"column":41}},"44":{"start":{"line":107,"column":18},"end":{"line":107,"column":20}},"45":{"start":{"line":107,"column":24},"end":{"line":107,"column":28}},"46":{"start":{"line":108,"column":8},"end":{"line":108,"column":40}},"47":{"start":{"line":109,"column":8},"end":{"line":109,"column":42}},"48":{"start":{"line":114,"column":24},"end":{"line":132,"column":42}},"49":{"start":{"line":115,"column":4},"end":{"line":131,"column":null}},"50":{"start":{"line":117,"column":8},"end":{"line":117,"column":64}},"51":{"start":{"line":118,"column":8},"end":{"line":118,"column":14}},"52":{"start":{"line":120,"column":8},"end":{"line":120,"column":62}},"53":{"start":{"line":121,"column":8},"end":{"line":121,"column":14}},"54":{"start":{"line":123,"column":8},"end":{"line":123,"column":55}},"55":{"start":{"line":124,"column":8},"end":{"line":124,"column":14}},"56":{"start":{"line":126,"column":8},"end":{"line":129,"column":null}},"57":{"start":{"line":127,"column":10},"end":{"line":127,"column":44}},"58":{"start":{"line":128,"column":10},"end":{"line":128,"column":86}},"59":{"start":{"line":130,"column":8},"end":{"line":130,"column":14}},"60":{"start":{"line":134,"column":2},"end":{"line":144,"column":44}},"61":{"start":{"line":135,"column":4},"end":{"line":138,"column":null}},"62":{"start":{"line":136,"column":6},"end":{"line":136,"column":60}},"63":{"start":{"line":137,"column":6},"end":{"line":137,"column":62}},"64":{"start":{"line":140,"column":4},"end":{"line":143,"column":null}},"65":{"start":{"line":141,"column":6},"end":{"line":141,"column":63}},"66":{"start":{"line":142,"column":6},"end":{"line":142,"column":65}},"67":{"start":{"line":146,"column":31},"end":{"line":150,"column":3}},"68":{"start":{"line":147,"column":4},"end":{"line":149,"column":6}},"69":{"start":{"line":152,"column":24},"end":{"line":159,"column":3}},"70":{"start":{"line":153,"column":4},"end":{"line":158,"column":6}},"71":{"start":{"line":161,"column":23},"end":{"line":167,"column":3}},"72":{"start":{"line":162,"column":4},"end":{"line":166,"column":6}},"73":{"start":{"line":169,"column":23},"end":{"line":178,"column":3}},"74":{"start":{"line":170,"column":4},"end":{"line":177,"column":6}},"75":{"start":{"line":180,"column":2},"end":{"line":191,"column":4}}},"fnMap":{"0":{"name":"(anonymous_2)","decl":{"start":{"line":28,"column":27},"end":{"line":28,"column":35}},"loc":{"start":{"line":28,"column":67},"end":{"line":192,"column":1}}},"1":{"name":"(anonymous_3)","decl":{"start":{"line":44,"column":31},"end":{"line":44,"column":33}},"loc":{"start":{"line":44,"column":33},"end":{"line":47,"column":3}}},"2":{"name":"(anonymous_4)","decl":{"start":{"line":49,"column":23},"end":{"line":49,"column":25}},"loc":{"start":{"line":49,"column":25},"end":{"line":51,"column":3}}},"3":{"name":"(anonymous_5)","decl":{"start":{"line":53,"column":31},"end":{"line":53,"column":null}},"loc":{"start":{"line":53,"column":31},"end":{"line":55,"column":3}}},"4":{"name":"(anonymous_6)","decl":{"start":{"line":57,"column":27},"end":{"line":57,"column":null}},"loc":{"start":{"line":57,"column":27},"end":{"line":59,"column":3}}},"5":{"name":"(anonymous_7)","decl":{"start":{"line":61,"column":26},"end":{"line":61,"column":28}},"loc":{"start":{"line":61,"column":28},"end":{"line":69,"column":3}}},"6":{"name":"(anonymous_8)","decl":{"start":{"line":71,"column":30},"end":{"line":71,"column":31}},"loc":{"start":{"line":71,"column":55},"end":{"line":76,"column":3}}},"7":{"name":"(anonymous_9)","decl":{"start":{"line":78,"column":18},"end":{"line":78,"column":19}},"loc":{"start":{"line":78,"column":34},"end":{"line":83,"column":3}}},"8":{"name":"(anonymous_10)","decl":{"start":{"line":85,"column":24},"end":{"line":85,"column":25}},"loc":{"start":{"line":85,"column":38},"end":{"line":90,"column":3}}},"9":{"name":"(anonymous_11)","decl":{"start":{"line":92,"column":34},"end":{"line":92,"column":null}},"loc":{"start":{"line":92,"column":34},"end":{"line":102,"column":3}}},"10":{"name":"(anonymous_12)","decl":{"start":{"line":104,"column":35},"end":{"line":104,"column":null}},"loc":{"start":{"line":104,"column":35},"end":{"line":112,"column":3}}},"11":{"name":"(anonymous_13)","decl":{"start":{"line":105,"column":33},"end":{"line":105,"column":null}},"loc":{"start":{"line":105,"column":33},"end":{"line":111,"column":5}}},"12":{"name":"(anonymous_14)","decl":{"start":{"line":114,"column":36},"end":{"line":114,"column":37}},"loc":{"start":{"line":114,"column":54},"end":{"line":132,"column":3}}},"13":{"name":"(anonymous_15)","decl":{"start":{"line":134,"column":12},"end":{"line":134,"column":null}},"loc":{"start":{"line":134,"column":12},"end":{"line":144,"column":3}}},"14":{"name":"(anonymous_16)","decl":{"start":{"line":140,"column":11},"end":{"line":140,"column":null}},"loc":{"start":{"line":140,"column":11},"end":{"line":143,"column":5}}},"15":{"name":"(anonymous_17)","decl":{"start":{"line":146,"column":31},"end":{"line":146,"column":null}},"loc":{"start":{"line":146,"column":31},"end":{"line":150,"column":3}}},"16":{"name":"(anonymous_18)","decl":{"start":{"line":152,"column":24},"end":{"line":152,"column":null}},"loc":{"start":{"line":152,"column":24},"end":{"line":159,"column":3}}},"17":{"name":"(anonymous_19)","decl":{"start":{"line":161,"column":23},"end":{"line":161,"column":24}},"loc":{"start":{"line":161,"column":51},"end":{"line":167,"column":3}}},"18":{"name":"(anonymous_20)","decl":{"start":{"line":169,"column":23},"end":{"line":169,"column":null}},"loc":{"start":{"line":169,"column":23},"end":{"line":178,"column":3}}}},"branchMap":{"0":{"loc":{"start":{"line":93,"column":4},"end":{"line":93,"column":44}},"type":"if","locations":[{"start":{"line":93,"column":4},"end":{"line":93,"column":44}},{"start":{"line":93,"column":4},"end":{"line":93,"column":44}}]},"1":{"loc":{"start":{"line":106,"column":6},"end":{"line":110,"column":null}},"type":"if","locations":[{"start":{"line":106,"column":6},"end":{"line":110,"column":null}},{"start":{"line":106,"column":6},"end":{"line":110,"column":null}}]},"2":{"loc":{"start":{"line":116,"column":6},"end":{"line":118,"column":14}},"type":"switch","locations":[{"start":{"line":116,"column":6},"end":{"line":118,"column":14}},{"start":{"line":119,"column":6},"end":{"line":121,"column":14}},{"start":{"line":122,"column":6},"end":{"line":124,"column":14}},{"start":{"line":125,"column":6},"end":{"line":130,"column":14}}]},"3":{"loc":{"start":{"line":126,"column":8},"end":{"line":129,"column":null}},"type":"if","locations":[{"start":{"line":126,"column":8},"end":{"line":129,"column":null}},{"start":{"line":126,"column":8},"end":{"line":129,"column":null}}]},"4":{"loc":{"start":{"line":135,"column":4},"end":{"line":138,"column":null}},"type":"if","locations":[{"start":{"line":135,"column":4},"end":{"line":138,"column":null}},{"start":{"line":135,"column":4},"end":{"line":138,"column":null}}]}},"s":{"0":1,"1":1,"2":1,"3":1,"4":1,"5":1,"6":38,"7":19,"8":19,"9":19,"10":19,"11":19,"12":19,"13":57,"14":19,"15":0,"16":0,"17":19,"18":2,"19":19,"20":0,"21":19,"22":0,"23":19,"24":0,"25":0,"26":0,"27":0,"28":19,"29":5,"30":19,"31":4,"32":19,"33":0,"34":19,"35":0,"36":0,"37":0,"38":0,"39":0,"40":19,"41":0,"42":0,"43":0,"44":0,"45":0,"46":0,"47":0,"48":19,"49":7,"50":4,"51":4,"52":2,"53":2,"54":0,"55":0,"56":1,"57":1,"58":1,"59":1,"60":19,"61":17,"62":6,"63":6,"64":17,"65":17,"66":17,"67":19,"68":0,"69":19,"70":0,"71":19,"72":2,"73":19,"74":0,"75":19},"f":{"0":19,"1":0,"2":2,"3":0,"4":0,"5":0,"6":5,"7":4,"8":0,"9":0,"10":0,"11":0,"12":7,"13":17,"14":17,"15":0,"16":0,"17":2,"18":0},"b":{"0":[0,0],"1":[0,0],"2":[4,2,0,1],"3":[1,0],"4":[6,11]}}
,"/Users/eden_lane/Projects/work/use-dropdown/src/utils/mergeReducers.ts": {"path":"/Users/eden_lane/Projects/work/use-dropdown/src/utils/mergeReducers.ts","statementMap":{"0":{"start":{"line":1,"column":13},"end":{"line":5,"column":null}},"1":{"start":{"line":1,"column":30},"end":{"line":1,"column":41}},"2":{"start":{"line":2,"column":2},"end":{"line":5,"column":null}},"3":{"start":{"line":3,"column":4},"end":{"line":5,"column":null}},"4":{"start":{"line":5,"column":33},"end":{"line":5,"column":56}}},"fnMap":{"0":{"name":"(anonymous_0)","decl":{"start":{"line":1,"column":29},"end":{"line":1,"column":30}},"loc":{"start":{"line":1,"column":29},"end":{"line":2,"column":3}}},"1":{"name":"(anonymous_1)","decl":{"start":{"line":2,"column":2},"end":{"line":2,"column":3}},"loc":{"start":{"line":2,"column":16},"end":{"line":3,"column":12}}},"2":{"name":"(anonymous_2)","decl":{"start":{"line":5,"column":14},"end":{"line":5,"column":15}},"loc":{"start":{"line":5,"column":28},"end":{"line":5,"column":40}}}},"branchMap":{},"s":{"0":1,"1":76,"2":19,"3":23,"4":25},"f":{"0":19,"1":23,"2":25},"b":{}}
}
