TN:
SF:src/index.ts
FNF:0
FNH:0
DA:1,0
DA:2,0
DA:4,0
LF:3
LH:0
BRF:0
BRH:0
end_of_record
TN:
SF:src/reducer.ts
FN:4,(anonymous_2)
FNF:1
FNH:1
FNDA:27,(anonymous_2)
DA:1,1
DA:4,1
DA:5,27
DA:6,27
DA:8,27
DA:10,1
DA:13,1
DA:15,0
DA:18,0
DA:20,10
DA:23,10
DA:25,10
DA:28,10
DA:30,0
DA:33,0
DA:35,4
DA:40,4
DA:42,2
DA:47,2
DA:50,27
LF:20
LH:16
BRDA:9,0,0,1
BRDA:9,0,1,0
BRDA:9,0,2,10
BRDA:9,0,3,10
BRDA:9,0,4,0
BRDA:9,0,5,4
BRDA:9,0,6,2
BRDA:37,1,0,1
BRDA:37,1,1,3
BRDA:44,2,0,2
BRDA:44,2,1,0
BRDA:43,3,0,2
BRDA:43,3,1,1
BRF:13
BRH:10
end_of_record
TN:
SF:src/stateChangeType.ts
FN:1,(anonymous_0)
FNF:1
FNH:1
FNDA:1,(anonymous_0)
DA:1,1
DA:2,1
DA:3,1
DA:4,1
DA:5,1
DA:6,1
DA:7,1
DA:8,1
DA:9,1
DA:10,1
LF:10
LH:10
BRDA:1,0,0,1
BRDA:1,0,1,1
BRF:2
BRH:2
end_of_record
TN:
SF:src/useDropdown.ts
FN:28,(anonymous_2)
FN:44,(anonymous_3)
FN:49,(anonymous_4)
FN:53,(anonymous_5)
FN:57,(anonymous_6)
FN:61,(anonymous_7)
FN:71,(anonymous_8)
FN:78,(anonymous_9)
FN:85,(anonymous_10)
FN:92,(anonymous_11)
FN:104,(anonymous_12)
FN:105,(anonymous_13)
FN:114,(anonymous_14)
FN:134,(anonymous_15)
FN:140,(anonymous_16)
FN:146,(anonymous_17)
FN:152,(anonymous_18)
FN:161,(anonymous_19)
FN:169,(anonymous_20)
FNF:19
FNH:13
FNDA:23,(anonymous_2)
FNDA:0,(anonymous_3)
FNDA:2,(anonymous_4)
FNDA:1,(anonymous_5)
FNDA:1,(anonymous_6)
FNDA:0,(anonymous_7)
FNDA:5,(anonymous_8)
FNDA:5,(anonymous_9)
FNDA:0,(anonymous_10)
FNDA:1,(anonymous_11)
FNDA:0,(anonymous_12)
FNDA:0,(anonymous_13)
FNDA:7,(anonymous_14)
FNDA:20,(anonymous_15)
FNDA:20,(anonymous_16)
FNDA:0,(anonymous_17)
FNDA:1,(anonymous_18)
FNDA:2,(anonymous_19)
FNDA:1,(anonymous_20)
DA:2,1
DA:3,1
DA:4,1
DA:7,1
DA:22,1
DA:28,1
DA:32,46
DA:33,23
DA:34,23
DA:35,23
DA:36,23
DA:37,23
DA:42,69
DA:44,23
DA:45,0
DA:46,0
DA:49,23
DA:50,2
DA:53,23
DA:54,1
DA:57,23
DA:58,1
DA:61,23
DA:62,0
DA:63,0
DA:64,0
DA:65,0
DA:71,23
DA:72,5
DA:78,23
DA:79,5
DA:85,23
DA:86,0
DA:92,23
DA:93,1
DA:94,0
DA:95,0
DA:97,0
DA:104,23
DA:105,0
DA:106,0
DA:107,0
DA:108,0
DA:109,0
DA:114,23
DA:115,7
DA:117,4
DA:118,4
DA:120,2
DA:121,2
DA:123,0
DA:124,0
DA:126,1
DA:127,1
DA:128,1
DA:130,1
DA:134,23
DA:135,20
DA:136,7
DA:137,7
DA:140,20
DA:141,20
DA:142,20
DA:146,23
DA:147,0
DA:152,23
DA:153,1
DA:161,23
DA:162,2
DA:169,23
DA:170,1
DA:180,23
LF:72
LH:54
BRDA:93,0,0,1
BRDA:93,0,1,0
BRDA:106,1,0,0
BRDA:106,1,1,0
BRDA:116,2,0,4
BRDA:116,2,1,2
BRDA:116,2,2,0
BRDA:116,2,3,1
BRDA:126,3,0,1
BRDA:126,3,1,0
BRDA:135,4,0,7
BRDA:135,4,1,13
BRF:12
BRH:7
end_of_record
TN:
SF:src/utils/mergeReducers.ts
FN:1,(anonymous_0)
FN:2,(anonymous_1)
FN:5,(anonymous_2)
FNF:3
FNH:3
FNDA:23,(anonymous_0)
FNDA:27,(anonymous_1)
FNDA:31,(anonymous_2)
DA:1,92
DA:2,23
DA:3,27
DA:5,31
LF:4
LH:4
BRF:0
BRH:0
end_of_record
