TN:
SF:src/index.ts
FNF:0
FNH:0
DA:1,0
DA:2,0
DA:4,0
LF:3
LH:0
BRF:0
BRH:0
end_of_record
TN:
SF:src/reducer.ts
FN:4,(anonymous_2)
FNF:1
FNH:1
FNDA:44,(anonymous_2)
DA:1,1
DA:4,1
DA:5,44
DA:6,44
DA:8,44
DA:10,2
DA:13,2
DA:15,3
DA:18,3
DA:20,12
DA:23,12
DA:25,18
DA:28,18
DA:30,1
DA:33,1
DA:35,5
DA:40,5
DA:42,3
DA:47,3
DA:50,44
LF:20
LH:20
BRDA:9,0,0,2
BRDA:9,0,1,3
BRDA:9,0,2,12
BRDA:9,0,3,18
BRDA:9,0,4,1
BRDA:9,0,5,5
BRDA:9,0,6,3
BRDA:37,1,0,1
BRDA:37,1,1,4
BRDA:44,2,0,3
BRDA:44,2,1,0
BRDA:43,3,0,3
BRDA:43,3,1,2
BRF:13
BRH:12
end_of_record
TN:
SF:src/stateChangeType.ts
FN:1,(anonymous_0)
FNF:1
FNH:1
FNDA:1,(anonymous_0)
DA:1,1
DA:2,1
DA:3,1
DA:4,1
DA:5,1
DA:6,1
DA:7,1
DA:8,1
DA:9,1
DA:10,1
LF:10
LH:10
BRDA:1,0,0,1
BRDA:1,0,1,1
BRF:2
BRH:2
end_of_record
TN:
SF:src/useDropdown.ts
FN:28,(anonymous_2)
FN:44,(anonymous_3)
FN:49,(anonymous_4)
FN:53,(anonymous_5)
FN:57,(anonymous_6)
FN:61,(anonymous_7)
FN:71,(anonymous_8)
FN:78,(anonymous_9)
FN:85,(anonymous_10)
FN:92,(anonymous_11)
FN:104,(anonymous_12)
FN:105,(anonymous_13)
FN:114,(anonymous_14)
FN:134,(anonymous_15)
FN:140,(anonymous_16)
FN:146,(anonymous_17)
FN:152,(anonymous_18)
FN:161,(anonymous_19)
FN:169,(anonymous_20)
FNF:19
FNH:16
FNDA:39,(anonymous_2)
FNDA:1,(anonymous_3)
FNDA:3,(anonymous_4)
FNDA:1,(anonymous_5)
FNDA:2,(anonymous_6)
FNDA:1,(anonymous_7)
FNDA:6,(anonymous_8)
FNDA:9,(anonymous_9)
FNDA:1,(anonymous_10)
FNDA:7,(anonymous_11)
FNDA:0,(anonymous_12)
FNDA:0,(anonymous_13)
FNDA:10,(anonymous_14)
FNDA:35,(anonymous_15)
FNDA:35,(anonymous_16)
FNDA:0,(anonymous_17)
FNDA:8,(anonymous_18)
FNDA:8,(anonymous_19)
FNDA:7,(anonymous_20)
DA:2,1
DA:3,1
DA:4,1
DA:7,1
DA:22,1
DA:28,1
DA:32,78
DA:33,39
DA:34,39
DA:35,39
DA:36,39
DA:37,39
DA:42,117
DA:44,39
DA:45,1
DA:46,1
DA:49,39
DA:50,3
DA:53,39
DA:54,1
DA:57,39
DA:58,2
DA:61,39
DA:62,1
DA:63,1
DA:64,1
DA:65,1
DA:71,39
DA:72,6
DA:78,39
DA:79,9
DA:85,39
DA:86,1
DA:92,39
DA:93,7
DA:94,0
DA:95,0
DA:97,0
DA:104,39
DA:105,0
DA:106,0
DA:107,0
DA:108,0
DA:109,0
DA:114,39
DA:115,10
DA:117,5
DA:118,5
DA:120,3
DA:121,3
DA:123,1
DA:124,1
DA:126,1
DA:127,1
DA:128,1
DA:130,1
DA:134,39
DA:135,35
DA:136,13
DA:137,13
DA:140,35
DA:141,35
DA:142,35
DA:146,39
DA:147,0
DA:152,39
DA:153,8
DA:161,39
DA:162,8
DA:169,39
DA:170,7
DA:180,39
LF:72
LH:63
BRDA:93,0,0,7
BRDA:93,0,1,0
BRDA:106,1,0,0
BRDA:106,1,1,0
BRDA:116,2,0,5
BRDA:116,2,1,3
BRDA:116,2,2,1
BRDA:116,2,3,1
BRDA:126,3,0,1
BRDA:126,3,1,0
BRDA:135,4,0,13
BRDA:135,4,1,22
BRF:12
BRH:8
end_of_record
TN:
SF:src/utils/mergeReducers.ts
FN:1,(anonymous_0)
FN:2,(anonymous_1)
FN:5,(anonymous_2)
FNF:3
FNH:3
FNDA:39,(anonymous_0)
FNDA:44,(anonymous_1)
FNDA:63,(anonymous_2)
DA:1,156
DA:2,39
DA:3,44
DA:5,63
LF:4
LH:4
BRF:0
BRH:0
end_of_record
